  speechManager.cpp
C:\Users\Ziwei Huang\Desktop\C++\基于STL的演讲比赛流程管理系统\基于STL的演讲比赛流程管理系统\speechManager.cpp(41,20): warning C4018: “<”: 有符号/无符号不匹配
C:\Users\Ziwei Huang\Desktop\C++\基于STL的演讲比赛流程管理系统\基于STL的演讲比赛流程管理系统\speechManager.cpp(295,20): warning C4018: “<”: 有符号/无符号不匹配
D:\visual studio\VC\Tools\MSVC\14.28.29910\include\numeric(35,26): warning C4244: “=”: 从“double”转换到“_Ty”，可能丢失数据
          with
          [
              _Ty=int
          ]
D:\visual studio\VC\Tools\MSVC\14.28.29910\include\numeric(44): message : 查看对正在编译的函数 模板 实例化“_Ty std::accumulate<_InIt,_Ty,std::plus<void>>(const _InIt,const _InIt,_Ty,_Fn)”的引用
          with
          [
              _Ty=int,
              _InIt=std::_Deque_iterator<std::_Deque_val<std::_Deque_simple_types<double>>>,
              _Fn=std::plus<void>
          ]
C:\Users\Ziwei Huang\Desktop\C++\基于STL的演讲比赛流程管理系统\基于STL的演讲比赛流程管理系统\speechManager.cpp(153): message : 查看对正在编译的函数 模板 实例化“_Ty std::accumulate<std::_Deque_iterator<std::_Deque_val<std::_Deque_simple_types<double>>>,int>(const _InIt,const _InIt,_Ty)”的引用
          with
          [
              _Ty=int,
              _InIt=std::_Deque_iterator<std::_Deque_val<std::_Deque_simple_types<double>>>
          ]
  演讲流程比赛管理系统.cpp
  正在生成代码...
  基于STL的演讲比赛流程管理系统.vcxproj -> C:\Users\Ziwei Huang\Desktop\C++\基于STL的演讲比赛流程管理系统\Debug\基于STL的演讲比赛流程管理系统.exe
